<?xml version="1.0" encoding="UTF-8"?>
<testng-results skipped="1" failed="1" total="7" passed="5">
  <reporter-output>
    <line>
      <![CDATA[OpeningCHROMEbrowse..!]]>
    </line>
    <line>
      <![CDATA[Successfully openedCHROME browser..!]]>
    </line>
    <line>
      <![CDATA[Trying to enter UserName..!]]>
    </line>
    <line>
      <![CDATA[Successfully entered User Name..!]]>
    </line>
    <line>
      <![CDATA[Trying to enter Password..!]]>
    </line>
    <line>
      <![CDATA[Successfully entered Password..!]]>
    </line>
    <line>
      <![CDATA[Clicked Login Button..!]]>
    </line>
    <line>
      <![CDATA[Clicked on Manual Request Link..!]]>
    </line>
    <line>
      <![CDATA[Manual request created successfully..!]]>
    </line>
    <line>
      <![CDATA[Clicked logout Button..!]]>
    </line>
    <line>
      <![CDATA[Logged Out From Application..!]]>
    </line>
    <line>
      <![CDATA[OpeningCHROMEbrowse..!]]>
    </line>
    <line>
      <![CDATA[Successfully openedCHROME browser..!]]>
    </line>
    <line>
      <![CDATA[Trying to enter UserName..!]]>
    </line>
    <line>
      <![CDATA[Successfully entered User Name..!]]>
    </line>
    <line>
      <![CDATA[Trying to enter Password..!]]>
    </line>
    <line>
      <![CDATA[Successfully entered Password..!]]>
    </line>
    <line>
      <![CDATA[Clicked Login Button..!]]>
    </line>
    <line>
      <![CDATA[Clicked logout Button..!]]>
    </line>
    <line>
      <![CDATA[Logged Out From Application..!]]>
    </line>
  </reporter-output>
  <suite name="Suite" duration-ms="54186" started-at="2016-10-05T12:09:50Z" finished-at="2016-10-05T12:10:44Z">
    <groups>
    </groups>
    <test name="Test" duration-ms="54186" started-at="2016-10-05T12:09:50Z" finished-at="2016-10-05T12:10:44Z">
      <class name="com.immidart.skypassTravel.OperationTrackerTest">
        <test-method status="PASS" signature="beforeClass()[pri:0, instance:com.immidart.skypassTravel.OperationTrackerTest@490ab905]" name="beforeClass" is-config="true" duration-ms="5634" started-at="2016-10-05T17:40:17Z" finished-at="2016-10-05T17:40:23Z">
          <reporter-output>
            <line>
              <![CDATA[OpeningCHROMEbrowse..!]]>
            </line>
            <line>
              <![CDATA[Successfully openedCHROME browser..!]]>
            </line>
            <line>
              <![CDATA[Trying to enter UserName..!]]>
            </line>
            <line>
              <![CDATA[Successfully entered User Name..!]]>
            </line>
            <line>
              <![CDATA[Trying to enter Password..!]]>
            </line>
            <line>
              <![CDATA[Successfully entered Password..!]]>
            </line>
            <line>
              <![CDATA[Clicked Login Button..!]]>
            </line>
          </reporter-output>
        </test-method> <!-- beforeClass -->
        <test-method status="PASS" signature="operationTrackerSearchTest()[pri:0, instance:com.immidart.skypassTravel.OperationTrackerTest@490ab905]" name="operationTrackerSearchTest" duration-ms="3075" started-at="2016-10-05T17:40:23Z" finished-at="2016-10-05T17:40:26Z">
          <reporter-output>
          </reporter-output>
        </test-method> <!-- operationTrackerSearchTest -->
        <test-method status="PASS" signature="OperationRequestBasicDetailsTest()[pri:0, instance:com.immidart.skypassTravel.OperationTrackerTest@490ab905]" name="OperationRequestBasicDetailsTest" duration-ms="367" started-at="2016-10-05T17:40:26Z" depends-on-methods="com.immidart.skypassTravel.OperationTrackerTest.operationTrackerSearchTest" finished-at="2016-10-05T17:40:26Z">
          <reporter-output>
          </reporter-output>
        </test-method> <!-- OperationRequestBasicDetailsTest -->
        <test-method status="PASS" signature="operationTrackerPassengerDetailsTest()[pri:0, instance:com.immidart.skypassTravel.OperationTrackerTest@490ab905]" name="operationTrackerPassengerDetailsTest" duration-ms="1419" started-at="2016-10-05T17:40:26Z" depends-on-methods="com.immidart.skypassTravel.OperationTrackerTest.OperationRequestBasicDetailsTest" finished-at="2016-10-05T17:40:28Z">
          <reporter-output>
          </reporter-output>
        </test-method> <!-- operationTrackerPassengerDetailsTest -->
        <test-method status="PASS" signature="operationTrackerProjectDetailsTest()[pri:0, instance:com.immidart.skypassTravel.OperationTrackerTest@490ab905]" name="operationTrackerProjectDetailsTest" duration-ms="1956" started-at="2016-10-05T17:40:28Z" depends-on-methods="com.immidart.skypassTravel.OperationTrackerTest.operationTrackerPassengerDetailsTest" finished-at="2016-10-05T17:40:30Z">
          <reporter-output>
          </reporter-output>
        </test-method> <!-- operationTrackerProjectDetailsTest -->
        <test-method status="FAIL" signature="operationTrackerDependentDetailsTest()[pri:0, instance:com.immidart.skypassTravel.OperationTrackerTest@490ab905]" name="operationTrackerDependentDetailsTest" duration-ms="3897" started-at="2016-10-05T17:40:30Z" depends-on-methods="com.immidart.skypassTravel.OperationTrackerTest.operationTrackerProjectDetailsTest" finished-at="2016-10-05T17:40:34Z">
          <exception class="java.lang.NullPointerException">
            <full-stacktrace>
              <![CDATA[java.lang.NullPointerException
	at com.immidart.skypassTravel.pageFactory.LandingPage.getTosterMessage(LandingPage.java:49)
	at com.immidart.skypassTravel.businessLibrary.OperationDependentDetailsLib.operationTrackerDependentDetails(OperationDependentDetailsLib.java:55)
	at com.immidart.skypassTravel.OperationTrackerTest.operationTrackerDependentDetailsTest(OperationTrackerTest.java:69)
	at sun.reflect.NativeMethodAccessorImpl.invoke0(Native Method)
	at sun.reflect.NativeMethodAccessorImpl.invoke(NativeMethodAccessorImpl.java:62)
	at sun.reflect.DelegatingMethodAccessorImpl.invoke(DelegatingMethodAccessorImpl.java:43)
	at java.lang.reflect.Method.invoke(Method.java:498)
	at org.testng.internal.MethodInvocationHelper.invokeMethod(MethodInvocationHelper.java:100)
	at org.testng.internal.Invoker.invokeMethod(Invoker.java:646)
	at org.testng.internal.Invoker.invokeTestMethod(Invoker.java:811)
	at org.testng.internal.Invoker.invokeTestMethods(Invoker.java:1129)
	at org.testng.internal.TestMethodWorker.invokeTestMethods(TestMethodWorker.java:129)
	at org.testng.internal.TestMethodWorker.run(TestMethodWorker.java:112)
	at org.testng.TestRunner.privateRun(TestRunner.java:746)
	at org.testng.TestRunner.run(TestRunner.java:600)
	at org.testng.SuiteRunner.runTest(SuiteRunner.java:366)
	at org.testng.SuiteRunner.runSequentially(SuiteRunner.java:361)
	at org.testng.SuiteRunner.privateRun(SuiteRunner.java:319)
	at org.testng.SuiteRunner.run(SuiteRunner.java:268)
	at org.testng.SuiteRunnerWorker.runSuite(SuiteRunnerWorker.java:52)
	at org.testng.SuiteRunnerWorker.run(SuiteRunnerWorker.java:86)
	at org.testng.TestNG.runSuitesSequentially(TestNG.java:1264)
	at org.testng.TestNG.runSuitesLocally(TestNG.java:1189)
	at org.testng.TestNG.runSuites(TestNG.java:1104)
	at org.testng.TestNG.run(TestNG.java:1076)
	at org.testng.remote.AbstractRemoteTestNG.run(AbstractRemoteTestNG.java:126)
	at org.testng.remote.RemoteTestNG.initAndRun(RemoteTestNG.java:152)
	at org.testng.remote.RemoteTestNG.main(RemoteTestNG.java:57)
]]>
            </full-stacktrace>
          </exception> <!-- java.lang.NullPointerException -->
          <reporter-output>
          </reporter-output>
        </test-method> <!-- operationTrackerDependentDetailsTest -->
        <test-method status="SKIP" signature="OperationItineraryDetailsTest()[pri:0, instance:com.immidart.skypassTravel.OperationTrackerTest@490ab905]" name="OperationItineraryDetailsTest" duration-ms="0" started-at="2016-10-05T17:40:34Z" depends-on-methods="com.immidart.skypassTravel.OperationTrackerTest.operationTrackerDependentDetailsTest" finished-at="2016-10-05T17:40:34Z">
          <exception class="java.lang.Throwable">
            <message>
              <![CDATA[Method OperationTrackerTest.OperationItineraryDetailsTest()[pri:0, instance:com.immidart.skypassTravel.OperationTrackerTest@490ab905] depends on not successfully finished methods]]>
            </message>
            <full-stacktrace>
              <![CDATA[java.lang.Throwable: Method OperationTrackerTest.OperationItineraryDetailsTest()[pri:0, instance:com.immidart.skypassTravel.OperationTrackerTest@490ab905] depends on not successfully finished methods
	at org.testng.internal.Invoker.invokeTestMethods(Invoker.java:1028)
	at org.testng.internal.TestMethodWorker.invokeTestMethods(TestMethodWorker.java:129)
	at org.testng.internal.TestMethodWorker.run(TestMethodWorker.java:112)
	at org.testng.TestRunner.privateRun(TestRunner.java:746)
	at org.testng.TestRunner.run(TestRunner.java:600)
	at org.testng.SuiteRunner.runTest(SuiteRunner.java:366)
	at org.testng.SuiteRunner.runSequentially(SuiteRunner.java:361)
	at org.testng.SuiteRunner.privateRun(SuiteRunner.java:319)
	at org.testng.SuiteRunner.run(SuiteRunner.java:268)
	at org.testng.SuiteRunnerWorker.runSuite(SuiteRunnerWorker.java:52)
	at org.testng.SuiteRunnerWorker.run(SuiteRunnerWorker.java:86)
	at org.testng.TestNG.runSuitesSequentially(TestNG.java:1264)
	at org.testng.TestNG.runSuitesLocally(TestNG.java:1189)
	at org.testng.TestNG.runSuites(TestNG.java:1104)
	at org.testng.TestNG.run(TestNG.java:1076)
	at org.testng.remote.AbstractRemoteTestNG.run(AbstractRemoteTestNG.java:126)
	at org.testng.remote.RemoteTestNG.initAndRun(RemoteTestNG.java:152)
	at org.testng.remote.RemoteTestNG.main(RemoteTestNG.java:57)
]]>
            </full-stacktrace>
          </exception> <!-- java.lang.Throwable -->
          <reporter-output>
          </reporter-output>
        </test-method> <!-- OperationItineraryDetailsTest -->
        <test-method status="FAIL" signature="afterClass()[pri:0, instance:com.immidart.skypassTravel.OperationTrackerTest@490ab905]" name="afterClass" is-config="true" duration-ms="0" started-at="2016-10-05T17:40:34Z" finished-at="2016-10-05T17:40:34Z">
          <exception class="java.lang.NoClassDefFoundError">
            <message>
              <![CDATA[Could not initialize class org.openqa.selenium.os.Kernel32]]>
            </message>
            <full-stacktrace>
              <![CDATA[java.lang.NoClassDefFoundError: Could not initialize class org.openqa.selenium.os.Kernel32
	at org.openqa.selenium.os.ProcessUtils.killWinProcess(ProcessUtils.java:133)
	at org.openqa.selenium.os.ProcessUtils.killProcess(ProcessUtils.java:81)
	at org.openqa.selenium.os.UnixProcess$SeleniumWatchDog.destroyHarder(UnixProcess.java:247)
	at org.openqa.selenium.os.UnixProcess$SeleniumWatchDog.access$200(UnixProcess.java:201)
	at org.openqa.selenium.os.UnixProcess.destroy(UnixProcess.java:125)
	at org.openqa.selenium.os.CommandLine.destroy(CommandLine.java:155)
	at org.openqa.selenium.remote.service.DriverService.stop(DriverService.java:196)
	at org.openqa.selenium.remote.service.DriverCommandExecutor.execute(DriverCommandExecutor.java:94)
	at org.openqa.selenium.remote.RemoteWebDriver.execute(RemoteWebDriver.java:644)
	at org.openqa.selenium.remote.RemoteWebDriver.execute(RemoteWebDriver.java:701)
	at org.openqa.selenium.remote.RemoteWebDriver.quit(RemoteWebDriver.java:526)
	at com.immidart.skypassTravel.genericLibrary.Driver.closeBrowser(Driver.java:67)
	at com.immidart.skypassTravel.OperationTrackerTest.afterClass(OperationTrackerTest.java:83)
	at sun.reflect.NativeMethodAccessorImpl.invoke0(Native Method)
	at sun.reflect.NativeMethodAccessorImpl.invoke(NativeMethodAccessorImpl.java:62)
	at sun.reflect.DelegatingMethodAccessorImpl.invoke(DelegatingMethodAccessorImpl.java:43)
	at java.lang.reflect.Method.invoke(Method.java:498)
	at org.testng.internal.MethodInvocationHelper.invokeMethod(MethodInvocationHelper.java:100)
	at org.testng.internal.Invoker.invokeConfigurationMethod(Invoker.java:515)
	at org.testng.internal.Invoker.invokeConfigurations(Invoker.java:216)
	at org.testng.internal.Invoker.invokeConfigurations(Invoker.java:143)
	at org.testng.internal.TestMethodWorker.invokeAfterClassMethods(TestMethodWorker.java:217)
	at org.testng.internal.TestMethodWorker.run(TestMethodWorker.java:115)
	at org.testng.TestRunner.privateRun(TestRunner.java:746)
	at org.testng.TestRunner.run(TestRunner.java:600)
	at org.testng.SuiteRunner.runTest(SuiteRunner.java:366)
	at org.testng.SuiteRunner.runSequentially(SuiteRunner.java:361)
	at org.testng.SuiteRunner.privateRun(SuiteRunner.java:319)
	at org.testng.SuiteRunner.run(SuiteRunner.java:268)
	at org.testng.SuiteRunnerWorker.runSuite(SuiteRunnerWorker.java:52)
	at org.testng.SuiteRunnerWorker.run(SuiteRunnerWorker.java:86)
	at org.testng.TestNG.runSuitesSequentially(TestNG.java:1264)
	at org.testng.TestNG.runSuitesLocally(TestNG.java:1189)
	at org.testng.TestNG.runSuites(TestNG.java:1104)
	at org.testng.TestNG.run(TestNG.java:1076)
	at org.testng.remote.AbstractRemoteTestNG.run(AbstractRemoteTestNG.java:126)
	at org.testng.remote.RemoteTestNG.initAndRun(RemoteTestNG.java:152)
	at org.testng.remote.RemoteTestNG.main(RemoteTestNG.java:57)
]]>
            </full-stacktrace>
          </exception> <!-- java.lang.NoClassDefFoundError -->
          <reporter-output>
            <line>
              <![CDATA[Clicked logout Button..!]]>
            </line>
            <line>
              <![CDATA[Logged Out From Application..!]]>
            </line>
          </reporter-output>
        </test-method> <!-- afterClass -->
      </class> <!-- com.immidart.skypassTravel.OperationTrackerTest -->
      <class name="com.immidart.skypassTravel.ManualRequestTest">
        <test-method status="PASS" signature="beforeTest()[pri:0, instance:com.immidart.skypassTravel.ManualRequestTest@1e397ed7]" name="beforeTest" is-config="true" duration-ms="7116" started-at="2016-10-05T17:39:50Z" finished-at="2016-10-05T17:39:57Z">
          <reporter-output>
            <line>
              <![CDATA[OpeningCHROMEbrowse..!]]>
            </line>
            <line>
              <![CDATA[Successfully openedCHROME browser..!]]>
            </line>
          </reporter-output>
        </test-method> <!-- beforeTest -->
        <test-method status="PASS" signature="beforeTestMethod()[pri:0, instance:com.immidart.skypassTravel.ManualRequestTest@1e397ed7]" name="beforeTestMethod" is-config="true" duration-ms="965" started-at="2016-10-05T17:39:57Z" finished-at="2016-10-05T17:39:58Z">
          <reporter-output>
            <line>
              <![CDATA[Trying to enter UserName..!]]>
            </line>
            <line>
              <![CDATA[Successfully entered User Name..!]]>
            </line>
            <line>
              <![CDATA[Trying to enter Password..!]]>
            </line>
            <line>
              <![CDATA[Successfully entered Password..!]]>
            </line>
            <line>
              <![CDATA[Clicked Login Button..!]]>
            </line>
          </reporter-output>
        </test-method> <!-- beforeTestMethod -->
        <test-method status="PASS" signature="createManualRequestTest()[pri:0, instance:com.immidart.skypassTravel.ManualRequestTest@1e397ed7]" name="createManualRequestTest" duration-ms="9361" started-at="2016-10-05T17:39:58Z" finished-at="2016-10-05T17:40:07Z">
          <reporter-output>
            <line>
              <![CDATA[Clicked on Manual Request Link..!]]>
            </line>
            <line>
              <![CDATA[Manual request created successfully..!]]>
            </line>
          </reporter-output>
        </test-method> <!-- createManualRequestTest -->
        <test-method status="PASS" signature="afterTestMethod()[pri:0, instance:com.immidart.skypassTravel.ManualRequestTest@1e397ed7]" name="afterTestMethod" is-config="true" duration-ms="7170" started-at="2016-10-05T17:40:07Z" finished-at="2016-10-05T17:40:14Z">
          <reporter-output>
            <line>
              <![CDATA[Clicked logout Button..!]]>
            </line>
            <line>
              <![CDATA[Logged Out From Application..!]]>
            </line>
          </reporter-output>
        </test-method> <!-- afterTestMethod -->
        <test-method status="FAIL" signature="afterTest()[pri:0, instance:com.immidart.skypassTravel.ManualRequestTest@1e397ed7]" name="afterTest" is-config="true" duration-ms="0" started-at="2016-10-05T17:40:14Z" finished-at="2016-10-05T17:40:14Z">
          <exception class="java.lang.UnsatisfiedLinkError">
            <message>
              <![CDATA[C:\Users\bikasish.b\AppData\Local\Temp\jna--1799106436\jna8736939136448139696.dll: Access is denied]]>
            </message>
            <full-stacktrace>
              <![CDATA[java.lang.UnsatisfiedLinkError: C:\Users\bikasish.b\AppData\Local\Temp\jna--1799106436\jna8736939136448139696.dll: Access is denied
	at java.lang.ClassLoader$NativeLibrary.load(Native Method)
	at java.lang.ClassLoader.loadLibrary0(ClassLoader.java:1941)
	at java.lang.ClassLoader.loadLibrary(ClassLoader.java:1824)
	at java.lang.Runtime.load0(Runtime.java:809)
	at java.lang.System.load(System.java:1086)
	at com.sun.jna.Native.loadNativeDispatchLibraryFromClasspath(Native.java:761)
	at com.sun.jna.Native.loadNativeDispatchLibrary(Native.java:736)
	at com.sun.jna.Native.<clinit>(Native.java:131)
	at org.openqa.selenium.os.Kernel32.<clinit>(Kernel32.java:34)
	at org.openqa.selenium.os.ProcessUtils.killWinProcess(ProcessUtils.java:133)
	at org.openqa.selenium.os.ProcessUtils.killProcess(ProcessUtils.java:81)
	at org.openqa.selenium.os.UnixProcess$SeleniumWatchDog.destroyHarder(UnixProcess.java:247)
	at org.openqa.selenium.os.UnixProcess$SeleniumWatchDog.access$200(UnixProcess.java:201)
	at org.openqa.selenium.os.UnixProcess.destroy(UnixProcess.java:125)
	at org.openqa.selenium.os.CommandLine.destroy(CommandLine.java:155)
	at org.openqa.selenium.remote.service.DriverService.stop(DriverService.java:196)
	at org.openqa.selenium.remote.service.DriverCommandExecutor.execute(DriverCommandExecutor.java:94)
	at org.openqa.selenium.remote.RemoteWebDriver.execute(RemoteWebDriver.java:644)
	at org.openqa.selenium.remote.RemoteWebDriver.execute(RemoteWebDriver.java:701)
	at org.openqa.selenium.remote.RemoteWebDriver.quit(RemoteWebDriver.java:526)
	at com.immidart.skypassTravel.genericLibrary.Driver.closeBrowser(Driver.java:67)
	at com.immidart.skypassTravel.ManualRequestTest.afterTest(ManualRequestTest.java:58)
	at sun.reflect.NativeMethodAccessorImpl.invoke0(Native Method)
	at sun.reflect.NativeMethodAccessorImpl.invoke(NativeMethodAccessorImpl.java:62)
	at sun.reflect.DelegatingMethodAccessorImpl.invoke(DelegatingMethodAccessorImpl.java:43)
	at java.lang.reflect.Method.invoke(Method.java:498)
	at org.testng.internal.MethodInvocationHelper.invokeMethod(MethodInvocationHelper.java:100)
	at org.testng.internal.Invoker.invokeConfigurationMethod(Invoker.java:515)
	at org.testng.internal.Invoker.invokeConfigurations(Invoker.java:216)
	at org.testng.internal.Invoker.invokeConfigurations(Invoker.java:143)
	at org.testng.internal.TestMethodWorker.invokeAfterClassMethods(TestMethodWorker.java:217)
	at org.testng.internal.TestMethodWorker.run(TestMethodWorker.java:115)
	at org.testng.TestRunner.privateRun(TestRunner.java:746)
	at org.testng.TestRunner.run(TestRunner.java:600)
	at org.testng.SuiteRunner.runTest(SuiteRunner.java:366)
	at org.testng.SuiteRunner.runSequentially(SuiteRunner.java:361)
	at org.testng.SuiteRunner.privateRun(SuiteRunner.java:319)
	at org.testng.SuiteRunner.run(SuiteRunner.java:268)
	at org.testng.SuiteRunnerWorker.runSuite(SuiteRunnerWorker.java:52)
	at org.testng.SuiteRunnerWorker.run(SuiteRunnerWorker.java:86)
	at org.testng.TestNG.runSuitesSequentially(TestNG.java:1264)
	at org.testng.TestNG.runSuitesLocally(TestNG.java:1189)
	at org.testng.TestNG.runSuites(TestNG.java:1104)
	at org.testng.TestNG.run(TestNG.java:1076)
	at org.testng.remote.AbstractRemoteTestNG.run(AbstractRemoteTestNG.java:126)
	at org.testng.remote.RemoteTestNG.initAndRun(RemoteTestNG.java:152)
	at org.testng.remote.RemoteTestNG.main(RemoteTestNG.java:57)
]]>
            </full-stacktrace>
          </exception> <!-- java.lang.UnsatisfiedLinkError -->
          <reporter-output>
          </reporter-output>
        </test-method> <!-- afterTest -->
      </class> <!-- com.immidart.skypassTravel.ManualRequestTest -->
    </test> <!-- Test -->
  </suite> <!-- Suite -->
</testng-results>
